<?xml version="1.0" encoding="UTF-8"?>
<testsuite name="com.myj.simple.TestSolution150" tests="1" skipped="0" failures="0" errors="0" timestamp="2019-08-11T16:39:16" hostname="zamcomputer" time="0.016">
  <properties/>
  <testcase name="testReverse()" classname="com.myj.simple.TestSolution150" time="0.016"/>
  <system-out><![CDATA[0
]]></system-out>
  <system-err><![CDATA[]]></system-err>
</testsuite>
